<?xml version="1.0" encoding="UTF-8"?>
<!-- Generated by org.testng.reporters.JUnitReportReporter -->
<testsuite hostname="LAPTOP-2MK7ALVD" failures="0" tests="1" name="sevenrmartsupermarket_tests.LoginTest" time="6.925" errors="0" timestamp="2024-11-24T00:39:34 IST" skipped="0">
  <testcase classname="sevenrmartsupermarket_tests.LoginTest" name="verifyAdminUserLogin" time="6.925"/>
  <system-out/>
</testsuite> <!-- sevenrmartsupermarket_tests.LoginTest -->
