<?xml version="1.0" encoding="UTF-8"?>
<!-- Generated by org.testng.reporters.JUnitReportReporter -->
<testsuite hostname="LAPTOP-2MK7ALVD" failures="0" tests="1" name="sevenrmartsupermarket_tests.HomeTest" time="8.410" errors="0" timestamp="2024-11-26T00:11:51 IST" skipped="0">
  <testcase classname="sevenrmartsupermarket_tests.HomeTest" name="verifyWhetherUserAbleToSearchProductStatus" time="8.410"/>
  <system-out/>
</testsuite> <!-- sevenrmartsupermarket_tests.HomeTest -->
