<?xml version="1.0" encoding="UTF-8"?>
<!-- Generated by org.testng.reporters.JUnitReportReporter -->
<testsuite hostname="LAPTOP-2MK7ALVD" failures="0" tests="2" name="sevenrmartsupermarket_tests.LoginTest" time="11.443" errors="0" timestamp="2024-11-21T18:27:06 IST" skipped="0">
  <testcase classname="sevenrmartsupermarket_tests.LoginTest" name="verifyAlertMessageOfInvalidUserLogin" time="8.344"/>
  <system-out/>
  <testcase classname="sevenrmartsupermarket_tests.LoginTest" name="verifyAlertMessageOfInvalidUserLogin" time="3.099"/>
  <system-out/>
</testsuite> <!-- sevenrmartsupermarket_tests.LoginTest -->
