<?xml version="1.0" encoding="UTF-8"?>
<!-- Generated by org.testng.reporters.JUnitReportReporter -->
<testsuite hostname="LAPTOP-2MK7ALVD" failures="0" tests="1" name="sevenrmartsupermarket_tests.HomeTest" time="4.928" errors="0" timestamp="2024-11-21T19:56:02 IST" skipped="0">
  <testcase classname="sevenrmartsupermarket_tests.HomeTest" name="verifyWhetherLogoIsDisplayed" time="4.928"/>
  <system-out/>
</testsuite> <!-- sevenrmartsupermarket_tests.HomeTest -->
