<?xml version="1.0" encoding="UTF-8"?>
<!-- Generated by org.testng.reporters.JUnitReportReporter -->
<testsuite hostname="LAPTOP-2MK7ALVD" failures="0" tests="2" name="sevenrmartsupermarket_tests.SubcategoryTest" time="18.835" errors="0" timestamp="2024-11-27T19:21:15 IST" skipped="0">
  <testcase classname="sevenrmartsupermarket_tests.SubcategoryTest" name="verifysubCategorydeletion" time="10.241"/>
  <system-out/>
  <testcase classname="sevenrmartsupermarket_tests.SubcategoryTest" name="verifysubCategorydeletion" time="8.594"/>
  <system-out/>
</testsuite> <!-- sevenrmartsupermarket_tests.SubcategoryTest -->
