<?xml version="1.0" encoding="UTF-8"?>
<!-- Generated by org.testng.reporters.JUnitReportReporter -->
<testsuite hostname="LAPTOP-2MK7ALVD" failures="0" tests="1" name="sevenrmartsupermarket_tests.SubcategoryTest" time="15.836" errors="0" timestamp="2024-11-25T19:43:19 IST" skipped="0">
  <testcase classname="sevenrmartsupermarket_tests.SubcategoryTest" name="verifysubCategoryUpdation" time="15.836"/>
  <system-out/>
</testsuite> <!-- sevenrmartsupermarket_tests.SubcategoryTest -->
